ets Jul 29 2019 12:21:46

rst:0x1 (POWERON_RESET),boot:0x17 (SPI_FAST_FLASH_BOOT)
configsip: 0, SPIWP:0xee
clk_drv:0x00,q_drv:0x00,d_drv:0x00,cs0_drv:0x00,hd_drv:0x00,wp_drv:0x00
mode:DIO, clock div:2
load:0x3fff0030,len:6376
load:0x40078000,len:15604
load:0x40080400,len:4
load:0x40080404,len:3760
entry 0x40080644
I (29) boot: ESP-IDF 5.1.1 2nd stage bootloader
I (29) boot: compile time Jun  5 2024 20:20:43
I (29) boot: Multicore bootloader
I (31) boot: chip revision: v3.0
I (33) boot.esp32: SPI Speed      : 40MHz
I (37) boot.esp32: SPI Mode       : DIO
I (41) boot.esp32: SPI Flash Size : 16MB
I (44) boot: Enabling RNG early entropy source...
I (49) boot: Partition Table:
I (51) boot: ## Label            Usage          Type ST Offset   Length
I (58) boot:  0 nvs              WiFi data        01 02 00009000 00006000
I (64) boot:  1 phy_init         RF data          01 01 0000f000 00001000
I (71) boot:  2 factory          factory app      00 00 00010000 003f7a00
I (77) boot:  3 ota_0            OTA app          00 10 00410000 00010000
I (84) boot:  4 ota_1            OTA app          00 11 00420000 00640000
I (90) boot:  5 spiffs           Unknown data     01 82 00a60000 004c4c00
I (97) boot: End of partition table
I (100) esp_image: segment 0: paddr=00010020 vaddr=3f400020 size=19730h (104240) map
I (145) esp_image: segment 1: paddr=00029758 vaddr=3ffbdb60 size=03cfch ( 15612) load
I (152) esp_image: segment 2: paddr=0002d45c vaddr=40080000 size=02bbch ( 11196) load
I (157) esp_image: segment 3: paddr=00030020 vaddr=400d0020 size=56454h (353364) map
I (285) esp_image: segment 4: paddr=0008647c vaddr=40082bbc size=103b8h ( 66488) load
I (322) boot: Loaded app from partition at offset 0x10000
I (322) boot: Disabling RNG early entropy source...
I (332) cpu_start: Multicore app
V (332) mmap: after coalescing, 3 regions are left
I (332) quad_psram: This chip is ESP32-D0WD
I (335) esp_psram: Found 8MB PSRAM device
I (338) esp_psram: Speed: 80MHz
I (341) esp_psram: PSRAM initialized, cache is in low/high (2-core) mode.
V (347) mmap: found laddr is 0x1800000
V (351) esp_psram: 8bit-aligned-range: 0x400000 B, starting from: 0x3f800000
W (358) esp_psram: Virtual address not enough for PSRAM, map as much as we can. 4MB is mapped
I (366) cpu_start: Pro cpu up.
I (369) cpu_start: Starting app cpu, entry point is 0x400831e0
I (0) cpu_start: App cpu up.
I (888) esp_psram: SPI SRAM memory test OK
D (896) clk: RTC_SLOW_CLK calibration value: 3840486
I (901) cpu_start: Pro cpu start user code
I (901) cpu_start: cpu freq: 240000000 Hz
I (901) cpu_start: Application information:
I (903) cpu_start: Project name:     bluethroat
I (907) cpu_start: App version:      1.0.0
I (911) cpu_start: Compile time:     Jun  5 2024 20:19:24
I (916) cpu_start: ELF file SHA256:  53a212ed18a52c03...
I (921) cpu_start: ESP-IDF:          5.1.1
I (925) cpu_start: Min chip rev:     v0.0
I (929) cpu_start: Max chip rev:     v3.99 
I (933) cpu_start: Chip rev:         v3.0
V (936) memory_layout: reserved range is 0x3f4196f0 - 0x3f419740
D (942) memory_layout: Checking 10 reserved memory ranges:
D (947) memory_layout: Reserved memory range 0x3f800000 - 0x3fc00000
D (953) memory_layout: Reserved memory range 0x3ff82000 - 0x3ff82000
D (959) memory_layout: Reserved memory range 0x3ffae000 - 0x3ffae6e0
D (966) memory_layout: Reserved memory range 0x3ffbdb60 - 0x3ffca890
D (972) memory_layout: Reserved memory range 0x3ffe0000 - 0x3ffe0440
D (978) memory_layout: Reserved memory range 0x3ffe3f20 - 0x3ffe4350
D (984) memory_layout: Reserved memory range 0x40070000 - 0x40078000
D (990) memory_layout: Reserved memory range 0x40078000 - 0x40080000
D (996) memory_layout: Reserved memory range 0x40080000 - 0x40092f74
D (1002) memory_layout: Reserved memory range 0x50001fe8 - 0x50002000
D (1008) memory_layout: Building list of available memory regions:
V (1014) memory_layout: Examining memory region 0x3f800000 - 0x3fc00000
V (1020) memory_layout: Region 0x3f800000 - 0x3fc00000 inside of reserved 0x3f800000 - 0x3fc00000
V (1029) memory_layout: Examining memory region 0x3ffae000 - 0x3ffb0000
V (1035) memory_layout: Start of region 0x3ffae000 - 0x3ffb0000 overlaps reserved 0x3ffae000 - 0x3ffae6e0
D (1045) memory_layout: Available memory region 0x3ffae6e0 - 0x3ffb0000
V (1051) memory_layout: Examining memory region 0x3ffb0000 - 0x3ffb8000
D (1057) memory_layout: Available memory region 0x3ffb0000 - 0x3ffb8000
V (1064) memory_layout: Examining memory region 0x3ffb8000 - 0x3ffc0000
V (1070) memory_layout: End of region 0x3ffb8000 - 0x3ffc0000 overlaps reserved 0x3ffbdb60 - 0x3ffca890
D (1079) memory_layout: Available memory region 0x3ffb8000 - 0x3ffbdb60
V (1085) memory_layout: Examining memory region 0x3ffc0000 - 0x3ffc2000
V (1092) memory_layout: Region 0x3ffc0000 - 0x3ffc2000 inside of reserved 0x3ffbdb60 - 0x3ffca890
V (1100) memory_layout: Examining memory region 0x3ffc2000 - 0x3ffc4000
V (1107) memory_layout: Region 0x3ffc2000 - 0x3ffc4000 inside of reserved 0x3ffbdb60 - 0x3ffca890
V (1115) memory_layout: Examining memory region 0x3ffc4000 - 0x3ffc6000
V (1122) memory_layout: Region 0x3ffc4000 - 0x3ffc6000 inside of reserved 0x3ffbdb60 - 0x3ffca890
V (1130) memory_layout: Examining memory region 0x3ffc6000 - 0x3ffc8000
V (1137) memory_layout: Region 0x3ffc6000 - 0x3ffc8000 inside of reserved 0x3ffbdb60 - 0x3ffca890
V (1145) memory_layout: Examining memory region 0x3ffc8000 - 0x3ffca000
V (1152) memory_layout: Region 0x3ffc8000 - 0x3ffca000 inside of reserved 0x3ffbdb60 - 0x3ffca890
V (1160) memory_layout: Examining memory region 0x3ffca000 - 0x3ffcc000
V (1166) memory_layout: Start of region 0x3ffca000 - 0x3ffcc000 overlaps reserved 0x3ffbdb60 - 0x3ffca890
D (1176) memory_layout: Available memory region 0x3ffca890 - 0x3ffcc000
V (1182) memory_layout: Examining memory region 0x3ffcc000 - 0x3ffce000
D (1188) memory_layout: Available memory region 0x3ffcc000 - 0x3ffce000
V (1195) memory_layout: Examining memory region 0x3ffce000 - 0x3ffd0000
D (1201) memory_layout: Available memory region 0x3ffce000 - 0x3ffd0000
V (1207) memory_layout: Examining memory region 0x3ffd0000 - 0x3ffd2000
D (1214) memory_layout: Available memory region 0x3ffd0000 - 0x3ffd2000
V (1220) memory_layout: Examining memory region 0x3ffd2000 - 0x3ffd4000
D (1226) memory_layout: Available memory region 0x3ffd2000 - 0x3ffd4000
V (1233) memory_layout: Examining memory region 0x3ffd4000 - 0x3ffd6000
D (1239) memory_layout: Available memory region 0x3ffd4000 - 0x3ffd6000
V (1245) memory_layout: Examining memory region 0x3ffd6000 - 0x3ffd8000
D (1252) memory_layout: Available memory region 0x3ffd6000 - 0x3ffd8000
V (1258) memory_layout: Examining memory region 0x3ffd8000 - 0x3ffda000
D (1264) memory_layout: Available memory region 0x3ffd8000 - 0x3ffda000
V (1271) memory_layout: Examining memory region 0x3ffda000 - 0x3ffdc000
D (1277) memory_layout: Available memory region 0x3ffda000 - 0x3ffdc000
V (1283) memory_layout: Examining memory region 0x3ffdc000 - 0x3ffde000
D (1290) memory_layout: Available memory region 0x3ffdc000 - 0x3ffde000
V (1296) memory_layout: Examining memory region 0x3ffde000 - 0x3ffe0000
D (1302) memory_layout: Available memory region 0x3ffde000 - 0x3ffe0000
V (1309) memory_layout: Examining memory region 0x3ffe0000 - 0x3ffe4000
V (1315) memory_layout: Start of region 0x3ffe0000 - 0x3ffe4000 overlaps reserved 0x3ffe0000 - 0x3ffe0440
V (1324) memory_layout: End of region 0x3ffe0440 - 0x3ffe4000 overlaps reserved 0x3ffe3f20 - 0x3ffe4350
D (1334) memory_layout: Available memory region 0x3ffe0440 - 0x3ffe3f20
V (1340) memory_layout: Examining memory region 0x3ffe4000 - 0x3ffe8000
V (1346) memory_layout: Start of region 0x3ffe4000 - 0x3ffe8000 overlaps reserved 0x3ffe3f20 - 0x3ffe4350
D (1355) memory_layout: Available memory region 0x3ffe4350 - 0x3ffe8000
V (1362) memory_layout: Examining memory region 0x3ffe8000 - 0x3fff0000
D (1368) memory_layout: Available memory region 0x3ffe8000 - 0x3fff0000
V (1375) memory_layout: Examining memory region 0x3fff0000 - 0x3fff8000
D (1381) memory_layout: Available memory region 0x3fff0000 - 0x3fff8000
V (1387) memory_layout: Examining memory region 0x3fff8000 - 0x3fffc000
D (1394) memory_layout: Available memory region 0x3fff8000 - 0x3fffc000
V (1400) memory_layout: Examining memory region 0x3fffc000 - 0x40000000
D (1406) memory_layout: Available memory region 0x3fffc000 - 0x40000000
V (1413) memory_layout: Examining memory region 0x40070000 - 0x40078000
V (1419) memory_layout: Region 0x40070000 - 0x40078000 inside of reserved 0x40070000 - 0x40078000
V (1427) memory_layout: Examining memory region 0x40078000 - 0x40080000
V (1434) memory_layout: Region 0x40078000 - 0x40080000 inside of reserved 0x40078000 - 0x40080000
V (1442) memory_layout: Examining memory region 0x40080000 - 0x40082000
V (1449) memory_layout: Region 0x40080000 - 0x40082000 inside of reserved 0x40080000 - 0x40092f74
V (1457) memory_layout: Examining memory region 0x40082000 - 0x40084000
V (1464) memory_layout: Region 0x40082000 - 0x40084000 inside of reserved 0x40080000 - 0x40092f74
V (1472) memory_layout: Examining memory region 0x40084000 - 0x40086000
V (1479) memory_layout: Region 0x40084000 - 0x40086000 inside of reserved 0x40080000 - 0x40092f74
V (1487) memory_layout: Examining memory region 0x40086000 - 0x40088000
V (1494) memory_layout: Region 0x40086000 - 0x40088000 inside of reserved 0x40080000 - 0x40092f74
V (1502) memory_layout: Examining memory region 0x40088000 - 0x4008a000
V (1508) memory_layout: Region 0x40088000 - 0x4008a000 inside of reserved 0x40080000 - 0x40092f74
V (1517) memory_layout: Examining memory region 0x4008a000 - 0x4008c000
V (1523) memory_layout: Region 0x4008a000 - 0x4008c000 inside of reserved 0x40080000 - 0x40092f74
V (1532) memory_layout: Examining memory region 0x4008c000 - 0x4008e000
V (1538) memory_layout: Region 0x4008c000 - 0x4008e000 inside of reserved 0x40080000 - 0x40092f74
V (1547) memory_layout: Examining memory region 0x4008e000 - 0x40090000
V (1553) memory_layout: Region 0x4008e000 - 0x40090000 inside of reserved 0x40080000 - 0x40092f74
V (1562) memory_layout: Examining memory region 0x40090000 - 0x40092000
V (1568) memory_layout: Region 0x40090000 - 0x40092000 inside of reserved 0x40080000 - 0x40092f74
V (1577) memory_layout: Examining memory region 0x40092000 - 0x40094000
V (1583) memory_layout: Start of region 0x40092000 - 0x40094000 overlaps reserved 0x40080000 - 0x40092f74
D (1592) memory_layout: Available memory region 0x40092f74 - 0x40094000
V (1599) memory_layout: Examining memory region 0x40094000 - 0x40096000
D (1605) memory_layout: Available memory region 0x40094000 - 0x40096000
V (1611) memory_layout: Examining memory region 0x40096000 - 0x40098000
D (1618) memory_layout: Available memory region 0x40096000 - 0x40098000
V (1624) memory_layout: Examining memory region 0x40098000 - 0x4009a000
D (1630) memory_layout: Available memory region 0x40098000 - 0x4009a000
V (1637) memory_layout: Examining memory region 0x4009a000 - 0x4009c000
D (1643) memory_layout: Available memory region 0x4009a000 - 0x4009c000
V (1649) memory_layout: Examining memory region 0x4009c000 - 0x4009e000
D (1656) memory_layout: Available memory region 0x4009c000 - 0x4009e000
V (1662) memory_layout: Examining memory region 0x4009e000 - 0x400a0000
D (1668) memory_layout: Available memory region 0x4009e000 - 0x400a0000
I (1675) heap_init: Initializing. RAM available for dynamic allocation:
D (1681) heap_init: New heap initialised at 0x3ffae6e0
I (1686) heap_init: At 3FFAE6E0 len 0000F480 (61 KiB): DRAM
D (1691) heap_init: New heap initialised at 0x3ffca890
I (1696) heap_init: At 3FFCA890 len 00015770 (85 KiB): DRAM
I (1701) heap_init: At 3FFE0440 len 00003AE0 (14 KiB): D/IRAM
I (1707) heap_init: At 3FFE4350 len 0001BCB0 (111 KiB): D/IRAM
D (1712) heap_init: New heap initialised at 0x40092f74
I (1717) heap_init: At 40092F74 len 0000D08C (52 KiB): IRAM
I (1723) esp_psram: Adding pool of 4096K of PSRAM memory to heap allocator
V (1729) intr_alloc: esp_intr_alloc_intrstatus (cpu 0): checking args
V (1735) intr_alloc: esp_intr_alloc_intrstatus (cpu 0): Args okay. Resulting flags 0x40E
D (1743) intr_alloc: Connected src 46 to int 2 (cpu 0)
V (1749) memspi: raw_chip_id: 184020

V (1751) memspi: chip_id: 204018

V (1755) memspi: raw_chip_id: 184020

V (1758) memspi: chip_id: 204018

D (1761) spi_flash: trying chip: issi
D (1765) spi_flash: trying chip: gd
D (1768) spi_flash: trying chip: mxic
D (1771) spi_flash: trying chip: winbond
D (1775) spi_flash: trying chip: generic
I (1779) spi_flash: detected chip: generic
I (1782) spi_flash: flash io: dio
D (1785) cpu_start: calling init function: 0x40111664
D (1790) cpu_start: calling init function: 0x4010a9fc
D (1795) cpu_start: calling init function: 0x4010a84c
D (1800) cpu_start: calling init function: 0x40103a2c
D (1805) cpu_start: calling init function: 0x401029c8
D (1809) cpu_start: calling init function: 0x40101a10
D (1814) cpu_start: calling init function: 0x401049f0 on core: 0
V (1820) intr_alloc: esp_intr_alloc_intrstatus (cpu 0): checking args
V (1826) intr_alloc: esp_intr_alloc_intrstatus (cpu 0): Args okay. Resulting flags 0xC02
D (1834) intr_alloc: Connected src 17 to int 3 (cpu 0)
D (1839) cpu_start: calling init function: 0x40104680 on core: 0
I (1845) coexist: coex firmware version: 80b0d89
V (1849) intr_alloc: esp_intr_alloc_intrstatus (cpu 0): checking args
V (1855) intr_alloc: esp_intr_alloc_intrstatus (cpu 0): Args okay. Resulting flags 0x40E
D (1863) intr_alloc: Connected src 24 to int 9 (cpu 0)
I (1867) app_start: Starting scheduler on CPU0
V (1872) intr_alloc: esp_intr_alloc_intrstatus (cpu 1): checking args
V (1872) intr_alloc: esp_intr_alloc_intrstatus (cpu 1): Args okay. Resulting flags 0x40E
I (1872) main_task: Started on CPU0
D (1882) intr_alloc: Connected src 25 to int 2 (cpu 1)
I (1882) app_start: Starting scheduler on CPU1
D (1902) heap_init: New heap initialised at 0x3ffe0440
D (1902) heap_init: New heap initialised at 0x3ffe4350
I (1902) esp_psram: Reserving pool of 32K of internal memory for DMA/internal allocations
D (1912) esp_psram: Allocating block of size 32768 bytes
V (1912) intr_alloc: esp_intr_alloc_intrstatus (cpu 0): checking args
V (1922) intr_alloc: esp_intr_alloc_intrstatus (cpu 0): Args okay. Resulting flags 0xE
D (1932) intr_alloc: Connected src 16 to int 12 (cpu 0)
I (1932) main_task: Calling app_main()
I (1982) I2C_MASTER: Starting initialize I2C master instance.
I (1982) I2C_MASTER: Binding I2C master instance to port 0.
I (1982) I2C_MASTER: Configure I2C master port 0 parameters (SDA: 21, SCL: 22, speed: 400000 Hz.).
I (1992) I2C_MASTER: Install I2C driver for port 0.
I (1992) I2C_MASTER: Create I2C access mutex.
I (2002) I2C_MASTER: Starting initialize I2C master instance.
I (2002) I2C_MASTER: Binding I2C master instance to port 1.
I (2012) I2C_MASTER: Configure I2C master port 1 parameters (SDA: 32, SCL: 33, speed: 400000 Hz.).
I (2022) I2C_MASTER: Install I2C driver for port 1.
I (2022) I2C_MASTER: Create I2C access mutex.
I (2032) I2C_MASTER: Probe device on port 0, device_addr 0x034.
I (2032) I2C_MASTER: Receive response from device_addr 0x034, port 0
I (2042) AXP192_PMU: Create AXP192_PMU device.
I (2042) AXP192_PMU: Disable external module output.
I (2052) AXP192_PMU: Enable vbus connect to ipsout.
I (2052) AXP192_PMU: Set voff voltage index to 5(3000mV).
I (2062) AXP192_PMU: Set dcdc1 mode to 1(PWM mode).
I (2062) AXP192_PMU: Set dcdc3 mode to 0(PFM/PWM auto switch).
I (2072) AXP192_PMU: Set dcdc1 voltage to 3300 mV.
I (2072) AXP192_PMU: Set dcdc3 voltage to 700 mV.
I (2082) AXP192_PMU: Enable dcdc1 output.
I (2082) AXP192_PMU: Disable dcdc2 output.
I (2082) AXP192_PMU: Enable dcdc3 output.
I (2092) AXP192_PMU: Set ldo2 voltage to 3300 mV.
I (2092) AXP192_PMU: Set ldo3 voltage to 2500 mV.
I (2102) AXP192_PMU: Enable ldo2 output.
I (2102) AXP192_PMU: Disable ldo3 output.
I (2102) AXP192_PMU: Set charge voltage index to 2(4200mV).
I (2112) AXP192_PMU: Set charge current index to 2(280mA).
I (2112) AXP192_PMU: Set charge stop current index to 0(10%).
I (2122) AXP192_PMU: Set pre-charge timeout index to 3(60 minute).
I (2132) AXP192_PMU: Set charge timeout index to 3(10 hour).
I (2132) AXP192_PMU: Set gpio0 mode to 0(NMOS open drain output).
I (2142) AXP192_PMU: Set pwm1 frequency register to 0, duty cycle 1 register to 255.
I (2152) AXP192_PMU: Set gpio1 mode to 2(PWM1 output).
I (2152) AXP192_PMU: Set gpio2 mode to 0(NMOS open drain output).
I (2162) AXP192_PMU: Set gpio3 mode to 1(NMOS open drain output).
I (2162) AXP192_PMU: Set gpio4 mode to 1(NMOS open drain output).
I (2372) FT6X36: Found touch panel controller
I (2372) FT6X36:        Device ID: 0x01
I (2372) FT6X36:        Chip ID: 0x64
I (2372) FT6X36:        Device mode: 0x00
I (2372) FT6X36:        Firmware ID: 0x01
I (2372) FT6X36:        Release code: 0x01
I (2382) I2C_MASTER: Probe device on port 0, device_addr 0x051.
I (2382) I2C_MASTER: Receive response from device_addr 0x051, port 0
I (2392) BM8563_RTC: Create BM8563_RTC device.
I (2392) I2C_MASTER: Probe device on port 0, device_addr 0x076.
I (2402) I2C_MASTER: Receive response from device_addr 0x076, port 0
I (2402) DPS3XX_BARO: DPS3xx device found at 0x76
I (2412) DPS3XX_BARO: Create DPS3XX_BARO device
I (2432) DPS3XX_BARO: Waiting for DPS3XX_BARO sensor and coefficient data ready
I (2442) DPS3XX_BARO: Waiting for DPS3XX_BARO sensor and coefficient data ready
I (2452) DPS3XX_BARO: Waiting for DPS3XX_BARO sensor and coefficient data ready
I (2462) DPS3XX_BARO: Device: DPS3XX_BARO, c0: 221, c1: -293, c00: 81519, c10: -53402, c01: -2582, c11: 1374, c20: -8812, c21: 68, c30: -1104
I (2462) DPS3XX_BARO: Scaled c0(1.105000e+02) =  s(0), m(0xdd000000), e(-25)
I (2462) DPS3XX_BARO: Scaled c1(-5.677238e-04) =  s(1), m(0x94d34d34), e(-42)
I (2472) DPS3XX_BARO: Scaled c00(8.151900e+04) = s(0), m(0x9f378000), e(-15)
I (2482) DPS3XX_BARO: Scaled c10(-5.132912e-02) = s(1), m(0xd23e7cf9), e(-36)
I (2482) DPS3XX_BARO: Scaled c01(-5.002945e-03) = s(1), m(0xa3efbefb), e(-39)
I (2492) DPS3XX_BARO: Scaled c11(2.558954e-09) = s(0), m(0xafd99ad3), e(-60)
I (2502) DPS3XX_BARO: Scaled c20(-8.141176e-09) = s(1), m(0x8bdd45a1), e(-58)
I (2512) DPS3XX_BARO: Scaled c21(1.217282e-16) = s(0), m(0x8c57d06b), e(-84)
I (2512) DPS3XX_BARO: Scaled c30(-9.803656e-16) = s(1), m(0x8d491ba1), e(-81)
I (2532) I2C_MASTER: Probe device on port 0, device_addr 0x077.
I (2532) I2C_MASTER: Receive response from device_addr 0x077, port 0
I (2532) DPS3XX_BARO: DPS3xx device found at 0x77
I (2542) DPS3XX_BARO: Create DPS3XX_BARO device
I (2542) DPS3XX_ANEMO: Create DPS3XX_ANEMO device
I (2572) DPS3XX_BARO: Waiting for DPS3XX_ANEMO sensor and coefficient data ready
I (2582) DPS3XX_BARO: Waiting for DPS3XX_ANEMO sensor and coefficient data ready
I (2592) DPS3XX_BARO: Device: DPS3XX_ANEMO, c0: 221, c1: -295, c00: 80389, c10: -50271, c01: -2632, c11: 1253, c20: -7582, c21: 66, c30: -885
I (2592) DPS3XX_BARO: Scaled c0(1.105000e+02) =  s(0), m(0xdd000000), e(-25)
I (2602) DPS3XX_BARO: Scaled c1(-5.715991e-04) =  s(1), m(0x95d75d75), e(-42)
I (2602) DPS3XX_BARO: Scaled c00(8.038900e+04) = s(0), m(0x9d028000), e(-15)
I (2612) DPS3XX_BARO: Scaled c10(-4.831966e-02) = s(1), m(0xc5ead5ab), e(-36)
I (2622) DPS3XX_BARO: Scaled c01(-5.099826e-03) = s(1), m(0xa71c71c7), e(-39)
I (2622) DPS3XX_BARO: Scaled c11(2.333603e-09) = s(0), m(0xa05d2c1e), e(-60)
I (2632) DPS3XX_BARO: Scaled c20(-7.004811e-09) = s(1), m(0xf0aef928), e(-59)
I (2642) DPS3XX_BARO: Scaled c21(1.181479e-16) = s(0), m(0x88371d1d), e(-84)
I (2652) DPS3XX_BARO: Scaled c30(-7.858909e-16) = s(1), m(0xe28483f3), e(-82)
I (2662) MSG_PROC: Start blurthraot message procedure.
I (2662) MSG_PROC: Create message queue MSG_PROC success.
I (2662) MSG_PROC: Create message task MSG_PROC success.
I (2672) GEN_DEVICE: Create task for device AXP192_PMU.
I (2672) GEN_DEVICE: Create device task AXP192_PMU success.
I (2682) GEN_DEVICE: Create task for device BM8563_RTC.
I (2682) GEN_DEVICE: Create device task BM8563_RTC success.
I (2692) GEN_DEVICE: Create task for device DPS3XX_BARO.
I (2692) GEN_DEVICE: Create device task DPS3XX_BARO success.
I (2702) GEN_DEVICE: Create task for device DPS3XX_ANEMO.
I (2702) GEN_DEVICE: Create device task DPS3XX_ANEMO success.

